Telegram/TMessagesProj/build/outputs/logs/manifest-merger-armv7-release-report.txt
-- Merging decision tree log ---
manifest
ADDED from src/main/AndroidManifest.xml:2:1-246:12
	xmlns:android
		ADDED from src/main/AndroidManifest.xml:2:11-69
	package
		ADDED from src/main/AndroidManifest.xml:3:5-37
		INJECTED from src/main/AndroidManifest.xml
		INJECTED from config/release/AndroidManifest.xml
	android:versionName
		INJECTED from src/main/AndroidManifest.xml
		ADDED from src/main/AndroidManifest.xml:2:1-246:12
		INJECTED from config/release/AndroidManifest.xml
	android:versionCode
		INJECTED from src/main/AndroidManifest.xml
		ADDED from src/main/AndroidManifest.xml:2:1-246:12
		INJECTED from config/release/AndroidManifest.xml
	android:installLocation
		ADDED from src/main/AndroidManifest.xml:4:5-35
supports-screens
ADDED from src/main/AndroidManifest.xml:6:5-11:53
	android:resizeable
		ADDED from src/main/AndroidManifest.xml:9:23-48
	android:largeScreens
		ADDED from src/main/AndroidManifest.xml:7:23-50
	android:anyDensity
		ADDED from src/main/AndroidManifest.xml:6:23-48
	android:normalScreens
		ADDED from src/main/AndroidManifest.xml:8:23-51
	android:xlargeScreens
		ADDED from src/main/AndroidManifest.xml:11:23-51
	android:smallScreens
		ADDED from src/main/AndroidManifest.xml:10:23-50
uses-feature#0x00020000
ADDED from src/main/AndroidManifest.xml:13:5-78
MERGED from [com.google.android.gms:play-services-maps:8.4.0] AndroidManifest.xml:22:5-24:33
	android:required
		ADDED from src/main/AndroidManifest.xml:13:52-76
	android:glEsVersion
		ADDED from src/main/AndroidManifest.xml:13:19-51
uses-feature#android.hardware.telephony
ADDED from src/main/AndroidManifest.xml:14:5-88
	android:required
		ADDED from src/main/AndroidManifest.xml:14:61-85
	android:name
		ADDED from src/main/AndroidManifest.xml:14:19-60
uses-feature#android.hardware.wifi
ADDED from src/main/AndroidManifest.xml:15:5-83
	android:required
		ADDED from src/main/AndroidManifest.xml:15:56-80
	android:name
		ADDED from src/main/AndroidManifest.xml:15:19-55
uses-feature#android.hardware.screen.PORTRAIT
ADDED from src/main/AndroidManifest.xml:16:5-94
	android:required
		ADDED from src/main/AndroidManifest.xml:16:67-91
	android:name
		ADDED from src/main/AndroidManifest.xml:16:19-66
uses-feature#android.hardware.microphone
ADDED from src/main/AndroidManifest.xml:17:5-89
	android:required
		ADDED from src/main/AndroidManifest.xml:17:62-86
	android:name
		ADDED from src/main/AndroidManifest.xml:17:19-61
uses-feature#android.hardware.camera
ADDED from src/main/AndroidManifest.xml:18:5-85
	android:required
		ADDED from src/main/AndroidManifest.xml:18:58-82
	android:name
		ADDED from src/main/AndroidManifest.xml:18:19-57
uses-feature#android.hardware.camera2
ADDED from src/main/AndroidManifest.xml:19:5-86
	android:required
		ADDED from src/main/AndroidManifest.xml:19:59-83
	android:name
		ADDED from src/main/AndroidManifest.xml:19:19-58
uses-permission#android.permission.INTERNET
ADDED from src/main/AndroidManifest.xml:21:5-67
MERGED from [com.google.android.gms:play-services-gcm:8.4.0] AndroidManifest.xml:22:5-67
MERGED from [com.google.android.gms:play-services-measurement:8.4.0] AndroidManifest.xml:21:5-67
MERGED from [com.google.android.gms:play-services-maps:8.4.0] AndroidManifest.xml:21:5-66
MERGED from [net.hockeyapp.android:HockeySDK:4.0.1] AndroidManifest.xml:12:5-67
MERGED from [com.google.android.gms:play-services-measurement:8.4.0] AndroidManifest.xml:21:5-67
	android:name
		ADDED from src/main/AndroidManifest.xml:21:22-64
uses-permission#android.permission.RECORD_AUDIO
ADDED from src/main/AndroidManifest.xml:22:5-71
	android:name
		ADDED from src/main/AndroidManifest.xml:22:22-68
uses-permission#android.permission.ACCESS_NETWORK_STATE
ADDED from src/main/AndroidManifest.xml:23:5-79
MERGED from [com.google.android.gms:play-services-measurement:8.4.0] AndroidManifest.xml:22:5-79
MERGED from [com.google.android.gms:play-services-maps:8.4.0] AndroidManifest.xml:20:5-78
MERGED from [net.hockeyapp.android:HockeySDK:4.0.1] AndroidManifest.xml:11:5-79
MERGED from [com.google.android.gms:play-services-measurement:8.4.0] AndroidManifest.xml:22:5-79
	android:name
		ADDED from src/main/AndroidManifest.xml:23:22-76
uses-permission#android.permission.ACCESS_WIFI_STATE
ADDED from src/main/AndroidManifest.xml:24:5-76
	android:name
		ADDED from src/main/AndroidManifest.xml:24:22-73
uses-permission#android.permission.RECEIVE_SMS
ADDED from src/main/AndroidManifest.xml:25:5-70
	android:name
		ADDED from src/main/AndroidManifest.xml:25:22-67
uses-permission#android.permission.WAKE_LOCK
ADDED from src/main/AndroidManifest.xml:26:5-68
MERGED from [com.google.android.gms:play-services-measurement:8.4.0] AndroidManifest.xml:24:5-67
MERGED from [com.google.android.gms:play-services-measurement:8.4.0] AndroidManifest.xml:24:5-67
	android:name
		ADDED from src/main/AndroidManifest.xml:26:22-65
uses-permission#android.permission.WRITE_EXTERNAL_STORAGE
ADDED from src/main/AndroidManifest.xml:27:5-80
MERGED from [net.hockeyapp.android:HockeySDK:4.0.1] AndroidManifest.xml:13:5-81
	android:name
		ADDED from src/main/AndroidManifest.xml:27:22-78
uses-permission#android.permission.READ_EXTERNAL_STORAGE
ADDED from src/main/AndroidManifest.xml:28:5-79
	android:name
		ADDED from src/main/AndroidManifest.xml:28:22-77
uses-permission#android.permission.GET_ACCOUNTS
ADDED from src/main/AndroidManifest.xml:29:5-71
	android:name
		ADDED from src/main/AndroidManifest.xml:29:22-68
uses-permission#android.permission.READ_CONTACTS
ADDED from src/main/AndroidManifest.xml:30:5-72
	android:name
		ADDED from src/main/AndroidManifest.xml:30:22-69
uses-permission#android.permission.WRITE_CONTACTS
ADDED from src/main/AndroidManifest.xml:31:5-73
	android:name
		ADDED from src/main/AndroidManifest.xml:31:22-70
uses-permission#android.permission.MANAGE_ACCOUNTS
ADDED from src/main/AndroidManifest.xml:32:5-73
	android:name
		ADDED from src/main/AndroidManifest.xml:32:22-71
uses-permission#android.permission.READ_PROFILE
ADDED from src/main/AndroidManifest.xml:33:5-70
	android:name
		ADDED from src/main/AndroidManifest.xml:33:22-68
uses-permission#android.permission.WRITE_SYNC_SETTINGS
ADDED from src/main/AndroidManifest.xml:34:5-77
	android:name
		ADDED from src/main/AndroidManifest.xml:34:22-75
uses-permission#android.permission.READ_SYNC_SETTINGS
ADDED from src/main/AndroidManifest.xml:35:5-76
	android:name
		ADDED from src/main/AndroidManifest.xml:35:22-74
uses-permission#android.permission.AUTHENTICATE_ACCOUNTS
ADDED from src/main/AndroidManifest.xml:36:5-79
	android:name
		ADDED from src/main/AndroidManifest.xml:36:22-77
uses-permission#android.permission.VIBRATE
ADDED from src/main/AndroidManifest.xml:37:5-66
	android:name
		ADDED from src/main/AndroidManifest.xml:37:22-63
uses-permission#android.permission.SYSTEM_ALERT_WINDOW
ADDED from src/main/AndroidManifest.xml:38:5-78
	android:name
		ADDED from src/main/AndroidManifest.xml:38:22-75
uses-permission#android.permission.READ_PHONE_STATE
ADDED from src/main/AndroidManifest.xml:39:5-75
	android:name
		ADDED from src/main/AndroidManifest.xml:39:22-72
uses-permission#android.permission.RECEIVE_BOOT_COMPLETED
ADDED from src/main/AndroidManifest.xml:40:5-81
	android:name
		ADDED from src/main/AndroidManifest.xml:40:22-78
uses-permission#android.permission.USE_FINGERPRINT
ADDED from src/main/AndroidManifest.xml:41:5-74
	android:name
		ADDED from src/main/AndroidManifest.xml:41:22-71
uses-permission#android.permission.INSTALL_SHORTCUT
ADDED from src/main/AndroidManifest.xml:42:5-75
	android:name
		ADDED from src/main/AndroidManifest.xml:42:22-72
uses-permission#com.android.launcher.permission.INSTALL_SHORTCUT
ADDED from src/main/AndroidManifest.xml:43:5-88
	android:name
		ADDED from src/main/AndroidManifest.xml:43:22-85
uses-permission#com.android.launcher.permission.UNINSTALL_SHORTCUT
ADDED from src/main/AndroidManifest.xml:44:5-89
	android:name
		ADDED from src/main/AndroidManifest.xml:44:22-87
application
ADDED from src/main/AndroidManifest.xml:47:5-244:19
MERGED from src/main/AndroidManifest.xml:47:5-244:19
MERGED from [com.android.support:support-v4:23.3.0] AndroidManifest.xml:22:5-20
MERGED from [com.google.android.gms:play-services-gcm:8.4.0] AndroidManifest.xml:24:5-20
MERGED from [com.google.android.gms:play-services-basement:8.4.0] AndroidManifest.xml:20:5-24:19
MERGED from [com.android.support:support-v4:23.3.0] AndroidManifest.xml:22:5-20
MERGED from [com.google.android.gms:play-services-measurement:8.4.0] AndroidManifest.xml:26:5-46:19
MERGED from [com.google.android.gms:play-services-basement:8.4.0] AndroidManifest.xml:20:5-24:19
MERGED from [com.android.support:support-v4:23.3.0] AndroidManifest.xml:22:5-20
MERGED from [com.google.android.gms:play-services-maps:8.4.0] AndroidManifest.xml:27:5-20
MERGED from [com.google.android.gms:play-services-basement:8.4.0] AndroidManifest.xml:20:5-24:19
MERGED from [com.android.support:support-v4:23.3.0] AndroidManifest.xml:22:5-20
MERGED from [net.hockeyapp.android:HockeySDK:4.0.1] AndroidManifest.xml:15:5-21:19
MERGED from [com.google.android.gms:play-services-measurement:8.4.0] AndroidManifest.xml:26:5-46:19
MERGED from [com.google.android.gms:play-services-basement:8.4.0] AndroidManifest.xml:20:5-24:19
MERGED from [com.android.support:support-v4:23.3.0] AndroidManifest.xml:22:5-20
	android:allowBackup
		ADDED from src/main/AndroidManifest.xml:49:9-36
	android:icon
		ADDED from src/main/AndroidManifest.xml:51:9-45
	android:theme
		ADDED from src/main/AndroidManifest.xml:53:9-53
	android:hardwareAccelerated
		ADDED from src/main/AndroidManifest.xml:50:9-68
	android:largeHeap
		ADDED from src/main/AndroidManifest.xml:52:9-33
	android:manageSpaceActivity
		ADDED from src/main/AndroidManifest.xml:54:9-74
		ADDED from src/main/AndroidManifest.xml:54:9-74
	android:name
		ADDED from src/main/AndroidManifest.xml:48:9-42
activity#org.telegram.ui.LaunchActivity
ADDED from src/main/AndroidManifest.xml:56:9-118:20
	android:windowSoftInputMode
		ADDED from src/main/AndroidManifest.xml:61:13-52
	android:configChanges
		ADDED from src/main/AndroidManifest.xml:58:13-83
	android:hardwareAccelerated
		ADDED from src/main/AndroidManifest.xml:59:13-72
	android:name
		ADDED from src/main/AndroidManifest.xml:57:13-58
	android:launchMode
		ADDED from src/main/AndroidManifest.xml:60:13-44
intent-filter#android.intent.action.MAIN+android.intent.category.LAUNCHER+android.intent.category.MULTIWINDOW_LAUNCHER
ADDED from src/main/AndroidManifest.xml:62:13-66:29
action#android.intent.action.MAIN
ADDED from src/main/AndroidManifest.xml:63:17-69
	android:name
		ADDED from src/main/AndroidManifest.xml:63:25-66
category#android.intent.category.LAUNCHER
ADDED from src/main/AndroidManifest.xml:64:17-77
	android:name
		ADDED from src/main/AndroidManifest.xml:64:27-74
category#android.intent.category.MULTIWINDOW_LAUNCHER
ADDED from src/main/AndroidManifest.xml:65:17-89
	android:name
		ADDED from src/main/AndroidManifest.xml:65:27-86
intent-filter#android.intent.action.SEND+android.intent.category.DEFAULT
ADDED from src/main/AndroidManifest.xml:67:13-71:29
action#android.intent.action.SEND
ADDED from src/main/AndroidManifest.xml:68:17-68
	android:name
		ADDED from src/main/AndroidManifest.xml:68:25-66
category#android.intent.category.DEFAULT
ADDED from src/main/AndroidManifest.xml:69:17-75
	android:name
		ADDED from src/main/AndroidManifest.xml:69:27-73
data
ADDED from src/main/AndroidManifest.xml:70:17-51
	android:mimeType
		ADDED from src/main/AndroidManifest.xml:70:23-49
intent-filter#android.intent.action.SEND_MULTIPLE+android.intent.category.DEFAULT
ADDED from src/main/AndroidManifest.xml:77:13-81:29
action#android.intent.action.SEND_MULTIPLE
ADDED from src/main/AndroidManifest.xml:78:17-77
	android:name
		ADDED from src/main/AndroidManifest.xml:78:25-75
intent-filter#android.intent.action.VIEW+android.intent.category.DEFAULT
ADDED from src/main/AndroidManifest.xml:97:13-101:29
action#android.intent.action.VIEW
ADDED from src/main/AndroidManifest.xml:98:17-68
	android:name
		ADDED from src/main/AndroidManifest.xml:98:25-66
intent-filter#android.intent.action.VIEW+android.intent.category.BROWSABLE+android.intent.category.DEFAULT
ADDED from src/main/AndroidManifest.xml:102:13-110:29
category#android.intent.category.BROWSABLE
ADDED from src/main/AndroidManifest.xml:105:17-78
	android:name
		ADDED from src/main/AndroidManifest.xml:105:27-75
meta-data#android.service.chooser.chooser_target_service
ADDED from src/main/AndroidManifest.xml:117:13-128
	android:name
		ADDED from src/main/AndroidManifest.xml:117:24-85
	android:value
		ADDED from src/main/AndroidManifest.xml:117:86-125
activity#org.telegram.ui.ManageSpaceActivity
ADDED from src/main/AndroidManifest.xml:119:9-125:20
	android:windowSoftInputMode
		ADDED from src/main/AndroidManifest.xml:124:13-52
	android:configChanges
		ADDED from src/main/AndroidManifest.xml:121:13-83
	android:hardwareAccelerated
		ADDED from src/main/AndroidManifest.xml:122:13-72
	android:name
		ADDED from src/main/AndroidManifest.xml:120:13-63
	android:launchMode
		ADDED from src/main/AndroidManifest.xml:123:13-44
activity#org.telegram.ui.IntroActivity
ADDED from src/main/AndroidManifest.xml:126:9-129:20
	android:configChanges
		ADDED from src/main/AndroidManifest.xml:128:13-83
	android:name
		ADDED from src/main/AndroidManifest.xml:127:13-57
activity#org.telegram.messenger.OpenChatReceiver
ADDED from src/main/AndroidManifest.xml:130:9-134:20
	android:configChanges
		ADDED from src/main/AndroidManifest.xml:132:13-83
	android:exported
		ADDED from src/main/AndroidManifest.xml:133:13-36
	android:name
		ADDED from src/main/AndroidManifest.xml:131:13-67
activity#org.telegram.ui.PopupNotificationActivity
ADDED from src/main/AndroidManifest.xml:135:9-143:20
	android:windowSoftInputMode
		ADDED from src/main/AndroidManifest.xml:142:13-67
	android:configChanges
		ADDED from src/main/AndroidManifest.xml:137:13-133
	android:theme
		ADDED from src/main/AndroidManifest.xml:141:13-69
	android:excludeFromRecents
		ADDED from src/main/AndroidManifest.xml:138:13-46
	android:taskAffinity
		ADDED from src/main/AndroidManifest.xml:140:13-36
	android:name
		ADDED from src/main/AndroidManifest.xml:136:13-69
	android:launchMode
		ADDED from src/main/AndroidManifest.xml:139:13-44
receiver#org.telegram.messenger.AutoMessageHeardReceiver
ADDED from src/main/AndroidManifest.xml:145:9-151:20
	android:exported
		ADDED from src/main/AndroidManifest.xml:147:13-37
	android:name
		ADDED from src/main/AndroidManifest.xml:146:13-53
intent-filter#org.telegram.messenger.ACTION_MESSAGE_HEARD
ADDED from src/main/AndroidManifest.xml:148:13-150:29
action#org.telegram.messenger.ACTION_MESSAGE_HEARD
ADDED from src/main/AndroidManifest.xml:149:17-85
	android:name
		ADDED from src/main/AndroidManifest.xml:149:25-83
receiver#org.telegram.messenger.AutoMessageReplyReceiver
ADDED from src/main/AndroidManifest.xml:153:9-159:20
	android:exported
		ADDED from src/main/AndroidManifest.xml:155:13-37
	android:name
		ADDED from src/main/AndroidManifest.xml:154:13-53
intent-filter#org.telegram.messenger.ACTION_MESSAGE_REPLY
ADDED from src/main/AndroidManifest.xml:156:13-158:29
action#org.telegram.messenger.ACTION_MESSAGE_REPLY
ADDED from src/main/AndroidManifest.xml:157:17-85
	android:name
		ADDED from src/main/AndroidManifest.xml:157:25-83
receiver#org.telegram.messenger.CallReceiver
ADDED from src/main/AndroidManifest.xml:161:9-165:20
	android:name
		ADDED from src/main/AndroidManifest.xml:161:19-47
intent-filter#android.intent.action.PHONE_STATE
ADDED from src/main/AndroidManifest.xml:162:13-164:29
action#android.intent.action.PHONE_STATE
ADDED from src/main/AndroidManifest.xml:163:17-76
	android:name
		ADDED from src/main/AndroidManifest.xml:163:25-73
receiver#org.telegram.messenger.SmsListener
ADDED from src/main/AndroidManifest.xml:167:9-171:20
	android:name
		ADDED from src/main/AndroidManifest.xml:167:19-46
intent-filter#android.provider.Telephony.SMS_RECEIVED
ADDED from src/main/AndroidManifest.xml:168:13-170:29
action#android.provider.Telephony.SMS_RECEIVED
ADDED from src/main/AndroidManifest.xml:169:17-82
	android:name
		ADDED from src/main/AndroidManifest.xml:169:25-79
service#org.telegram.messenger.AuthenticatorService
ADDED from src/main/AndroidManifest.xml:173:9-179:19
	android:exported
		ADDED from src/main/AndroidManifest.xml:173:55-78
	android:name
		ADDED from src/main/AndroidManifest.xml:173:18-54
intent-filter#android.accounts.AccountAuthenticator
ADDED from src/main/AndroidManifest.xml:174:13-176:29
action#android.accounts.AccountAuthenticator
ADDED from src/main/AndroidManifest.xml:175:17-79
	android:name
		ADDED from src/main/AndroidManifest.xml:175:25-77
meta-data#android.accounts.AccountAuthenticator
ADDED from src/main/AndroidManifest.xml:177:13-178:47
	android:resource
		ADDED from src/main/AndroidManifest.xml:178:17-45
	android:name
		ADDED from src/main/AndroidManifest.xml:177:24-76
service#org.telegram.messenger.ContactsSyncAdapterService
ADDED from src/main/AndroidManifest.xml:181:9-189:19
	android:exported
		ADDED from src/main/AndroidManifest.xml:181:61-84
	android:name
		ADDED from src/main/AndroidManifest.xml:181:18-60
intent-filter#android.content.SyncAdapter
ADDED from src/main/AndroidManifest.xml:182:13-184:29
action#android.content.SyncAdapter
ADDED from src/main/AndroidManifest.xml:183:17-70
	android:name
		ADDED from src/main/AndroidManifest.xml:183:25-67
meta-data#android.content.SyncAdapter
ADDED from src/main/AndroidManifest.xml:185:13-186:57
	android:resource
		ADDED from src/main/AndroidManifest.xml:186:17-54
	android:name
		ADDED from src/main/AndroidManifest.xml:185:24-66
meta-data#android.provider.CONTACTS_STRUCTURE
ADDED from src/main/AndroidManifest.xml:187:13-188:52
	android:resource
		ADDED from src/main/AndroidManifest.xml:188:17-49
	android:name
		ADDED from src/main/AndroidManifest.xml:187:24-74
service#org.telegram.messenger.TgChooserTargetService
ADDED from src/main/AndroidManifest.xml:191:9-198:19
	android:label
		ADDED from src/main/AndroidManifest.xml:193:13-44
	android:permission
		ADDED from src/main/AndroidManifest.xml:194:13-80
	android:name
		ADDED from src/main/AndroidManifest.xml:192:13-73
intent-filter#android.service.chooser.ChooserTargetService
ADDED from src/main/AndroidManifest.xml:195:13-197:29
action#android.service.chooser.ChooserTargetService
ADDED from src/main/AndroidManifest.xml:196:17-87
	android:name
		ADDED from src/main/AndroidManifest.xml:196:25-84
service#org.telegram.messenger.NotificationsService
ADDED from src/main/AndroidManifest.xml:200:9-79
	android:enabled
		ADDED from src/main/AndroidManifest.xml:200:55-77
	android:name
		ADDED from src/main/AndroidManifest.xml:200:18-54
service#org.telegram.messenger.NotificationRepeat
ADDED from src/main/AndroidManifest.xml:201:9-79
	android:exported
		ADDED from src/main/AndroidManifest.xml:201:53-77
	android:name
		ADDED from src/main/AndroidManifest.xml:201:18-52
service#org.telegram.messenger.ClearCacheService
ADDED from src/main/AndroidManifest.xml:202:9-78
	android:exported
		ADDED from src/main/AndroidManifest.xml:202:52-76
	android:name
		ADDED from src/main/AndroidManifest.xml:202:18-51
service#org.telegram.messenger.VideoEncodingService
ADDED from src/main/AndroidManifest.xml:203:9-79
	android:enabled
		ADDED from src/main/AndroidManifest.xml:203:55-77
	android:name
		ADDED from src/main/AndroidManifest.xml:203:18-54
service#org.telegram.messenger.MusicPlayerService
ADDED from src/main/AndroidManifest.xml:204:9-101
	android:exported
		ADDED from src/main/AndroidManifest.xml:204:53-76
	android:enabled
		ADDED from src/main/AndroidManifest.xml:204:77-99
	android:name
		ADDED from src/main/AndroidManifest.xml:204:18-52
service#org.telegram.messenger.MusicBrowserService
ADDED from src/main/AndroidManifest.xml:205:9-209:19
	android:exported
		ADDED from src/main/AndroidManifest.xml:205:54-77
	android:name
		ADDED from src/main/AndroidManifest.xml:205:18-53
intent-filter#android.media.browse.MediaBrowserService
ADDED from src/main/AndroidManifest.xml:206:13-208:29
action#android.media.browse.MediaBrowserService
ADDED from src/main/AndroidManifest.xml:207:17-82
	android:name
		ADDED from src/main/AndroidManifest.xml:207:25-80
receiver#org.telegram.messenger.MusicPlayerReceiver
ADDED from src/main/AndroidManifest.xml:211:9-221:20
	android:name
		ADDED from src/main/AndroidManifest.xml:211:19-54
intent-filter#android.intent.action.MEDIA_BUTTON+android.media.AUDIO_BECOMING_NOISY+org.telegram.android.musicplayer.close+org.telegram.android.musicplayer.next+org.telegram.android.musicplayer.pause+org.telegram.android.musicplayer.play+org.telegram.android.musicplayer.previous
ADDED from src/main/AndroidManifest.xml:212:13-220:29
action#org.telegram.android.musicplayer.close
ADDED from src/main/AndroidManifest.xml:213:17-81
	android:name
		ADDED from src/main/AndroidManifest.xml:213:25-78
action#org.telegram.android.musicplayer.pause
ADDED from src/main/AndroidManifest.xml:214:17-81
	android:name
		ADDED from src/main/AndroidManifest.xml:214:25-78
action#org.telegram.android.musicplayer.next
ADDED from src/main/AndroidManifest.xml:215:17-80
	android:name
		ADDED from src/main/AndroidManifest.xml:215:25-77
action#org.telegram.android.musicplayer.play
ADDED from src/main/AndroidManifest.xml:216:17-80
	android:name
		ADDED from src/main/AndroidManifest.xml:216:25-77
action#org.telegram.android.musicplayer.previous
ADDED from src/main/AndroidManifest.xml:217:17-84
	android:name
		ADDED from src/main/AndroidManifest.xml:217:25-81
action#android.intent.action.MEDIA_BUTTON
ADDED from src/main/AndroidManifest.xml:218:17-77
	android:name
		ADDED from src/main/AndroidManifest.xml:218:25-74
action#android.media.AUDIO_BECOMING_NOISY
ADDED from src/main/AndroidManifest.xml:219:17-77
	android:name
		ADDED from src/main/AndroidManifest.xml:219:25-74
receiver#org.telegram.messenger.AppStartReceiver
ADDED from src/main/AndroidManifest.xml:223:9-228:20
	android:enabled
		ADDED from src/main/AndroidManifest.xml:223:52-74
	android:name
		ADDED from src/main/AndroidManifest.xml:223:19-51
intent-filter#android.intent.action.BOOT_COMPLETED+org.telegram.start
ADDED from src/main/AndroidManifest.xml:224:13-227:29
action#org.telegram.start
ADDED from src/main/AndroidManifest.xml:225:17-61
	android:name
		ADDED from src/main/AndroidManifest.xml:225:25-58
action#android.intent.action.BOOT_COMPLETED
ADDED from src/main/AndroidManifest.xml:226:17-79
	android:name
		ADDED from src/main/AndroidManifest.xml:226:25-76
receiver#org.telegram.messenger.WearReplyReceiver
ADDED from src/main/AndroidManifest.xml:230:9-77
	android:enabled
		ADDED from src/main/AndroidManifest.xml:230:53-75
	android:name
		ADDED from src/main/AndroidManifest.xml:230:19-52
receiver#org.telegram.messenger.ShareBroadcastReceiver
ADDED from src/main/AndroidManifest.xml:232:9-82
	android:enabled
		ADDED from src/main/AndroidManifest.xml:232:58-80
	android:name
		ADDED from src/main/AndroidManifest.xml:232:19-57
uses-library#com.sec.android.app.multiwindow
ADDED from src/main/AndroidManifest.xml:234:9-97
	android:required
		ADDED from src/main/AndroidManifest.xml:234:70-94
	android:name
		ADDED from src/main/AndroidManifest.xml:234:23-69
meta-data#com.sec.android.support.multiwindow
ADDED from src/main/AndroidManifest.xml:235:9-94
	android:name
		ADDED from src/main/AndroidManifest.xml:235:20-70
	android:value
		ADDED from src/main/AndroidManifest.xml:235:71-91
meta-data#com.sec.android.multiwindow.DEFAULT_SIZE_W
ADDED from src/main/AndroidManifest.xml:236:9-102
	android:name
		ADDED from src/main/AndroidManifest.xml:236:20-77
	android:value
		ADDED from src/main/AndroidManifest.xml:236:78-99
meta-data#com.sec.android.multiwindow.DEFAULT_SIZE_H
ADDED from src/main/AndroidManifest.xml:237:9-102
	android:name
		ADDED from src/main/AndroidManifest.xml:237:20-77
	android:value
		ADDED from src/main/AndroidManifest.xml:237:78-99
meta-data#com.sec.android.multiwindow.MINIMUM_SIZE_W
ADDED from src/main/AndroidManifest.xml:238:9-102
	android:name
		ADDED from src/main/AndroidManifest.xml:238:20-77
	android:value
		ADDED from src/main/AndroidManifest.xml:238:78-99
meta-data#com.sec.android.multiwindow.MINIMUM_SIZE_H
ADDED from src/main/AndroidManifest.xml:239:9-102
	android:name
		ADDED from src/main/AndroidManifest.xml:239:20-77
	android:value
		ADDED from src/main/AndroidManifest.xml:239:78-99
meta-data#com.google.android.gms.car.notification.SmallIcon
ADDED from src/main/AndroidManifest.xml:241:9-126
	android:resource
		ADDED from src/main/AndroidManifest.xml:241:85-123
	android:name
		ADDED from src/main/AndroidManifest.xml:241:20-84
meta-data#com.google.android.gms.car.application
ADDED from src/main/AndroidManifest.xml:242:9-120
	android:resource
		ADDED from src/main/AndroidManifest.xml:242:74-117
	android:name
		ADDED from src/main/AndroidManifest.xml:242:20-73
uses-sdk
INJECTED from src/main/AndroidManifest.xml reason: use-sdk injection requested
MERGED from [com.android.support:support-v4:23.3.0] AndroidManifest.xml:20:5-43
MERGED from [com.google.android.gms:play-services-gcm:8.4.0] AndroidManifest.xml:18:5-42
MERGED from [com.google.android.gms:play-services-base:8.4.0] AndroidManifest.xml:18:5-42
MERGED from [com.google.android.gms:play-services-basement:8.4.0] AndroidManifest.xml:18:5-42
MERGED from [com.android.support:support-v4:23.3.0] AndroidManifest.xml:20:5-43
MERGED from [com.google.android.gms:play-services-measurement:8.4.0] AndroidManifest.xml:18:5-42
MERGED from [com.google.android.gms:play-services-basement:8.4.0] AndroidManifest.xml:18:5-42
MERGED from [com.android.support:support-v4:23.3.0] AndroidManifest.xml:20:5-43
MERGED from [com.google.android.gms:play-services-maps:8.4.0] AndroidManifest.xml:26:5-42
MERGED from [com.google.android.gms:play-services-base:8.4.0] AndroidManifest.xml:18:5-42
MERGED from [com.google.android.gms:play-services-basement:8.4.0] AndroidManifest.xml:18:5-42
MERGED from [com.android.support:support-v4:23.3.0] AndroidManifest.xml:20:5-43
MERGED from [net.hockeyapp.android:HockeySDK:4.0.1] AndroidManifest.xml:7:5-9:41
MERGED from [com.google.android.gms:play-services-measurement:8.4.0] AndroidManifest.xml:18:5-42
MERGED from [com.google.android.gms:play-services-basement:8.4.0] AndroidManifest.xml:18:5-42
MERGED from [com.android.support:support-v4:23.3.0] AndroidManifest.xml:20:5-43
	android:targetSdkVersion
		INJECTED from src/main/AndroidManifest.xml
		INJECTED from config/release/AndroidManifest.xml
	android:minSdkVersion
		INJECTED from src/main/AndroidManifest.xml
		INJECTED from config/release/AndroidManifest.xml
uses-permission#com.google.android.c2dm.permission.RECEIVE
MERGED from [com.google.android.gms:play-services-gcm:8.4.0] AndroidManifest.xml:21:5-82
meta-data#com.google.android.gms.version
ADDED from [com.google.android.gms:play-services-basement:8.4.0] AndroidManifest.xml:21:9-23:69
MERGED from [com.google.android.gms:play-services-basement:8.4.0] AndroidManifest.xml:21:9-23:69
MERGED from [com.google.android.gms:play-services-basement:8.4.0] AndroidManifest.xml:21:9-23:69
MERGED from [com.google.android.gms:play-services-basement:8.4.0] AndroidManifest.xml:21:9-23:69
	android:name
		ADDED from [com.google.android.gms:play-services-basement:8.4.0] AndroidManifest.xml:22:13-58
	android:value
		ADDED from [com.google.android.gms:play-services-basement:8.4.0] AndroidManifest.xml:23:13-66
provider#com.google.android.gms.measurement.AppMeasurementContentProvider
ADDED from [com.google.android.gms:play-services-measurement:8.4.0] AndroidManifest.xml:28:7-31:37
MERGED from [com.google.android.gms:play-services-measurement:8.4.0] AndroidManifest.xml:28:7-31:37
	android:exported
		ADDED from [com.google.android.gms:play-services-measurement:8.4.0] AndroidManifest.xml:31:11-35
	android:authorities
		ADDED from [com.google.android.gms:play-services-measurement:8.4.0] AndroidManifest.xml:29:11-76
	android:name
		ADDED from [com.google.android.gms:play-services-measurement:8.4.0] AndroidManifest.xml:30:11-90
receiver#com.google.android.gms.measurement.AppMeasurementReceiver
ADDED from [com.google.android.gms:play-services-measurement:8.4.0] AndroidManifest.xml:33:7-39:18
MERGED from [com.google.android.gms:play-services-measurement:8.4.0] AndroidManifest.xml:33:7-39:18
	android:enabled
		ADDED from [com.google.android.gms:play-services-measurement:8.4.0] AndroidManifest.xml:35:11-33
	android:name
		ADDED from [com.google.android.gms:play-services-measurement:8.4.0] AndroidManifest.xml:34:11-83
intent-filter#com.google.android.gms.measurement.UPLOAD
ADDED from [com.google.android.gms:play-services-measurement:8.4.0] AndroidManifest.xml:36:9-38:25
action#com.google.android.gms.measurement.UPLOAD
ADDED from [com.google.android.gms:play-services-measurement:8.4.0] AndroidManifest.xml:37:11-77
	android:name
		ADDED from [com.google.android.gms:play-services-measurement:8.4.0] AndroidManifest.xml:37:19-75
service#com.google.android.gms.measurement.AppMeasurementService
ADDED from [com.google.android.gms:play-services-measurement:8.4.0] AndroidManifest.xml:41:7-44:37
MERGED from [com.google.android.gms:play-services-measurement:8.4.0] AndroidManifest.xml:41:7-44:37
	android:exported
		ADDED from [com.google.android.gms:play-services-measurement:8.4.0] AndroidManifest.xml:44:11-35
	android:enabled
		ADDED from [com.google.android.gms:play-services-measurement:8.4.0] AndroidManifest.xml:43:11-33
	android:name
		ADDED from [com.google.android.gms:play-services-measurement:8.4.0] AndroidManifest.xml:42:11-82
activity#net.hockeyapp.android.UpdateActivity
MERGED from [net.hockeyapp.android:HockeySDK:4.0.1] AndroidManifest.xml:16:9-73
activity#net.hockeyapp.android.FeedbackActivity
ADDED from [net.hockeyapp.android:HockeySDK:4.0.1] AndroidManifest.xml:17:9-75
	android:name
		ADDED from [net.hockeyapp.android:HockeySDK:4.0.1] AndroidManifest.xml:17:19-72
activity#net.hockeyapp.android.PaintActivity